MPASM 5.77                    HOLA_MUNDO.ASM   8-28-2018  16:03:01         PAGE  1


LOC  OBJECT CODE     LINE SOURCE TEXT
  VALUE

Warning[205]: Found directive in column 1. (list)
                      00001 list p=16f84a
                      00002 #include <p16f84a.inc>
                      00001         LIST
                      00002 
                      00003 ;==========================================================================
                      00004 ; Build date : Nov 22 2017
                      00005 ;  MPASM PIC16F84A processor include
                      00006 ; 
                      00007 ;  (c) Copyright 1999-2017 Microchip Technology, All rights reserved
                      00008 ;==========================================================================
                      00009 
                      00209         LIST
                      00003         org         0x00
0000   2???           00004         goto        Inicio
                      00005         org         0x05
Warning[207]: Found label after column 1. (contador)
  00000025            00006         contador    EQU 0x25
                      00007 
0005                  00008 Inicio:                                         ;Confgurar los registros
0005   1683           00009         bsf         STATUS, RP0                 ;Salta al banco 1
Message[302]: Register in operand not in bank 0.  Ensure that bank bits are correct.
0006   0186           00010         clrf        TRISB                       ;Configura el puerto b como salida
0007   1283           00011         bcf         STATUS, RP0                 ;Salta al banco 0
0008   0186           00012         clrf        PORTB                       ;puerto b apagado
                      00013 
0009                  00014 Bascular:
0009   1806           00015         BTFSC       PORTB, 0                    ;Si(portb.RB0==0) encender
000A   2???           00016         goto        Apagar                      ;Sino apagar
000B   1406           00017         BSF         PORTB, 0                    ;PORTB.RB0=1
000C   2???           00018         goto        Retardo                     ;SALTA A RETARDO
000D                  00019 Apagar:
000D   1006           00020         bcf         PORTB,0                     ;PORTB.RB0=0
000E                  00021 Retardo:
000E   0BA5           00022         decfsz      contador, 1                 ;DECREMENTA CONTADOR Y EVALUA SI ES 0
000F   2???           00023         goto        Retardo                     ;Sino slta a retardo
0010   3025           00024         movlw       0x25                        ;si cumple asignamos 255 al registro W
0011   00A5           00025         movwf       contador                    ;Movemos lo que tiene el registro w a contador "contador
                            =255"
0012   2???           00026         goto        Bascular                    ;Salta a Bascular
Warning[205]: Found directive in column 1. (END)
                      00027 END                                             ;Termina el programa.
MPASM 5.77                    HOLA_MUNDO.ASM   8-28-2018  16:03:01         PAGE  2


SYMBOL TABLE
  LABEL                             VALUE 

Apagar                            0000000D
Bascular                          00000009
C                                 00000000
DC                                00000001
EEADR                             00000009
EECON1                            00000088
EECON2                            00000089
EEDATA                            00000008
EEIE                              00000006
EEIF                              00000004
F                                 00000001
FSR                               00000004
GIE                               00000007
INDF                              00000000
INTCON                            0000000B
INTE                              00000004
INTEDG                            00000006
INTF                              00000001
IRP                               00000007
Inicio                            00000005
NOT_PD                            00000003
NOT_RBPU                          00000007
NOT_TO                            00000004
OPTION_REG                        00000081
PCL                               00000002
PCLATH                            0000000A
PORTA                             00000005
PORTB                             00000006
PS0                               00000000
PS1                               00000001
PS2                               00000002
PSA                               00000003
RA0                               00000000
RA1                               00000001
RA2                               00000002
RA3                               00000003
RA4                               00000004
RB0                               00000000
RB1                               00000001
RB2                               00000002
RB3                               00000003
RB4                               00000004
RB5                               00000005
RB6                               00000006
RB7                               00000007
RBIE                              00000003
RBIF                              00000000
RD                                00000000
RP0                               00000005
RP1                               00000006
Retardo                           0000000E
STATUS                            00000003
T0CS                              00000005
MPASM 5.77                    HOLA_MUNDO.ASM   8-28-2018  16:03:01         PAGE  3


SYMBOL TABLE
  LABEL                             VALUE 

T0IE                              00000005
T0IF                              00000002
T0SE                              00000004
TMR0                              00000001
TMR0IE                            00000005
TMR0IF                            00000002
TRISA                             00000085
TRISA0                            00000000
TRISA1                            00000001
TRISA2                            00000002
TRISA3                            00000003
TRISA4                            00000004
TRISB                             00000086
TRISB0                            00000000
TRISB1                            00000001
TRISB2                            00000002
TRISB3                            00000003
TRISB4                            00000004
TRISB5                            00000005
TRISB6                            00000006
TRISB7                            00000007
W                                 00000000
WR                                00000001
WREN                              00000002
WRERR                             00000003
Z                                 00000002
_CONFIG                           00002007
_CP_OFF                           00003FFF
_CP_ON                            0000000F
_DEVID1                           00002006
_FOSC_EXTRC                       00003FFF
_FOSC_HS                          00003FFE
_FOSC_LP                          00003FFC
_FOSC_XT                          00003FFD
_HS_OSC                           00003FFE
_IDLOC0                           00002000
_IDLOC1                           00002001
_IDLOC2                           00002002
_IDLOC3                           00002003
_LP_OSC                           00003FFC
_PWRTE_OFF                        00003FFF
_PWRTE_ON                         00003FF7
_RC_OSC                           00003FFF
_WDTE_OFF                         00003FFB
_WDTE_ON                          00003FFF
_WDT_OFF                          00003FFB
_WDT_ON                           00003FFF
_XT_OSC                           00003FFD
__16F84A                          00000001
contador                          00000025

MPASM 5.77                    HOLA_MUNDO.ASM   8-28-2018  16:03:01         PAGE  4





Errors   :     0
Warnings :     3 reported,     0 suppressed
Messages :     1 reported,     0 suppressed

